<?xml version="1.0" encoding="UTF-8"?>
<!-- Generated by org.testng.reporters.JUnitXMLReporter -->
<testsuite hostname="PSG-012-Anupama" ignored="0" name="Basic Testing" tests="9" failures="0" timestamp="2020-07-28T18:35:56 IST" time="207.156" errors="0">
  <testcase name="startExecution" time="0.002" classname="com.ecommerce.qa.testcases.LoginPageTestCases"/>
  <testcase name="verifyLogoOfApplicationTest" time="0.198" classname="com.ecommerce.qa.testcases.LoginPageTestCases"/>
  <testcase name="loginTest" time="5.105" classname="com.ecommerce.qa.testcases.LoginPageTestCases"/>
  <testcase name="startExecution1" time="0.0" classname="com.ecommerce.qa.testcases.MyAccountPageTestCases"/>
  <testcase name="verifyLoggedInUserTest" time="0.1" classname="com.ecommerce.qa.testcases.MyAccountPageTestCases"/>
  <testcase name="validateCreatewWishlistTest" time="4.166" classname="com.ecommerce.qa.testcases.MyAccountPageTestCases"/>
  <testcase name="validateCreatewWishlistTest" time="3.777" classname="com.ecommerce.qa.testcases.MyAccountPageTestCases"/>
  <testcase name="validateCreatewWishlistTest" time="4.683" classname="com.ecommerce.qa.testcases.MyAccountPageTestCases"/>
  <testcase name="validateCreatewWishlistTest" time="4.315" classname="com.ecommerce.qa.testcases.MyAccountPageTestCases"/>
</testsuite> <!-- Basic Testing -->
