<?xml version="1.0" encoding="UTF-8"?>
<!-- Generated by org.testng.reporters.JUnitXMLReporter -->
<testsuite hostname="PSG-012-Anupama" ignored="1" name="Default test" tests="1" failures="0" timestamp="2020-07-28T15:35:58 IST" time="24.816" errors="0">
  <testcase name="loginTest" time="5.958" classname="com.ecommerce.qa.testcases.LoginPageTestCases"/>
  <testcase name="verifyLogoOfApplicationTest" time="0.0" classname="com.ecommerce.qa.testcases.LoginPageTestCases">
    <ignored/>
  </testcase> <!-- verifyLogoOfApplicationTest -->
</testsuite> <!-- Default test -->
